<?xml version="1.0" encoding="UTF-8"?>
<!-- Generated by org.testng.reporters.JUnitReportReporter -->
<testsuite hostname="DA20073030" failures="0" tests="2" name="com.j.TestngAnnotation" time="0.009" errors="0" timestamp="2021-04-10T10:11:02 IST" skipped="0">
  <testcase classname="com.j.TestngAnnotation" name="testCase1" time="0.006"/>
  <system-out/>
  <testcase classname="com.j.TestngAnnotation" name="testCase2" time="0.003"/>
  <system-out/>
</testsuite> <!-- com.j.TestngAnnotation -->
